[0m18:44:22.860614 [debug] [MainThread]: Sending event: {'category': 'dbt', 'action': 'invocation', 'label': 'start', 'context': [<snowplow_tracker.self_describing_json.SelfDescribingJson object at 0x000002239A500D90>, <snowplow_tracker.self_describing_json.SelfDescribingJson object at 0x000002239A175290>, <snowplow_tracker.self_describing_json.SelfDescribingJson object at 0x000002239A0B0210>]}


============================== 18:44:22.865406 | 24124c2d-3f54-4ee9-b093-da5ffc2f37e9 ==============================
[0m18:44:22.865406 [info ] [MainThread]: Running with dbt=1.5.1
[0m18:44:22.865908 [debug] [MainThread]: running dbt with arguments {'printer_width': '80', 'indirect_selection': 'eager', 'write_json': 'True', 'log_cache_events': 'False', 'partial_parse': 'True', 'cache_selected_only': 'False', 'warn_error': 'None', 'fail_fast': 'False', 'debug': 'False', 'log_path': 'logs', 'profiles_dir': 'C:\\Users\\ozael\\.dbt', 'version_check': 'True', 'use_colors': 'True', 'use_experimental_parser': 'False', 'no_print': 'None', 'quiet': 'False', 'warn_error_options': 'WarnErrorOptions(include=[], exclude=[])', 'introspect': 'True', 'static_parser': 'True', 'log_format': 'default', 'target_path': 'None', 'send_anonymous_usage_stats': 'True'}
[0m18:44:40.498742 [debug] [MainThread]: Starter project path: C:\Users\ozael\AppData\Local\Programs\Python\Python311\Lib\site-packages\dbt\include\starter_project
[0m18:51:05.728251 [info ] [MainThread]: Profile Data_Pipeline written to C:\Users\ozael\.dbt\profiles.yml using target's profile_template.yml and your supplied values. Run 'dbt debug' to validate the connection.
[0m18:51:05.728251 [info ] [MainThread]: 
Your new dbt project "Data_Pipeline" was created!

For more information on how to configure the profiles.yml file,
please consult the dbt documentation here:

  https://docs.getdbt.com/docs/configure-your-profile

One more thing:

Need help? Don't hesitate to reach out to us via GitHub issues or on Slack:

  https://community.getdbt.com/

Happy modeling!

[0m18:51:05.729251 [debug] [MainThread]: Command `dbt init` succeeded at 18:51:05.729251 after 402.92 seconds
[0m18:51:05.729251 [debug] [MainThread]: Sending event: {'category': 'dbt', 'action': 'invocation', 'label': 'end', 'context': [<snowplow_tracker.self_describing_json.SelfDescribingJson object at 0x000002239A1F3F10>, <snowplow_tracker.self_describing_json.SelfDescribingJson object at 0x000002239AD58DD0>, <snowplow_tracker.self_describing_json.SelfDescribingJson object at 0x0000022393D32790>]}
[0m18:51:05.730311 [debug] [MainThread]: Flushing usage events
[0m21:16:06.043861 [debug] [MainThread]: Sending event: {'category': 'dbt', 'action': 'invocation', 'label': 'start', 'context': [<snowplow_tracker.self_describing_json.SelfDescribingJson object at 0x0000019CE94C8D10>, <snowplow_tracker.self_describing_json.SelfDescribingJson object at 0x0000019CE95539D0>, <snowplow_tracker.self_describing_json.SelfDescribingJson object at 0x0000019CE9177550>]}


============================== 21:16:06.048382 | 00f5348f-80f5-40ab-a038-33811e92cb4c ==============================
[0m21:16:06.048382 [info ] [MainThread]: Running with dbt=1.5.1
[0m21:16:06.048382 [debug] [MainThread]: running dbt with arguments {'printer_width': '80', 'indirect_selection': 'eager', 'log_cache_events': 'False', 'write_json': 'True', 'partial_parse': 'True', 'cache_selected_only': 'False', 'warn_error': 'None', 'fail_fast': 'False', 'debug': 'False', 'log_path': 'logs', 'version_check': 'True', 'profiles_dir': 'C:\\Users\\ozael\\.dbt', 'use_colors': 'True', 'use_experimental_parser': 'False', 'no_print': 'None', 'quiet': 'False', 'log_format': 'default', 'static_parser': 'True', 'warn_error_options': 'WarnErrorOptions(include=[], exclude=[])', 'introspect': 'True', 'target_path': 'None', 'send_anonymous_usage_stats': 'True'}
[0m21:16:06.049383 [info ] [MainThread]: dbt version: 1.5.1
[0m21:16:06.049383 [info ] [MainThread]: python version: 3.11.3
[0m21:16:06.050383 [info ] [MainThread]: python path: C:\Users\ozael\AppData\Local\Programs\Python\Python311\python.exe
[0m21:16:06.050383 [info ] [MainThread]: os info: Windows-10-10.0.22621-SP0
[0m21:16:06.051383 [info ] [MainThread]: Using profiles.yml file at C:\Users\ozael\.dbt\profiles.yml
[0m21:16:06.051383 [info ] [MainThread]: Using dbt_project.yml file at C:\Projects\dbt_project.yml
[0m21:16:06.051383 [info ] [MainThread]: Configuration:
[0m21:16:06.962404 [info ] [MainThread]:   profiles.yml file [[32mOK found and valid[0m]
[0m21:16:06.963405 [info ] [MainThread]:   dbt_project.yml file [[31mERROR not found[0m]
[0m21:16:06.963405 [info ] [MainThread]: Required dependencies:
[0m21:16:06.964434 [debug] [MainThread]: Executing "git --help"
[0m21:16:06.993464 [debug] [MainThread]: STDOUT: "b"usage: git [-v | --version] [-h | --help] [-C <path>] [-c <name>=<value>]\n           [--exec-path[=<path>]] [--html-path] [--man-path] [--info-path]\n           [-p | --paginate | -P | --no-pager] [--no-replace-objects] [--bare]\n           [--git-dir=<path>] [--work-tree=<path>] [--namespace=<name>]\n           [--config-env=<name>=<envvar>] <command> [<args>]\n\nThese are common Git commands used in various situations:\n\nstart a working area (see also: git help tutorial)\n   clone     Clone a repository into a new directory\n   init      Create an empty Git repository or reinitialize an existing one\n\nwork on the current change (see also: git help everyday)\n   add       Add file contents to the index\n   mv        Move or rename a file, a directory, or a symlink\n   restore   Restore working tree files\n   rm        Remove files from the working tree and from the index\n\nexamine the history and state (see also: git help revisions)\n   bisect    Use binary search to find the commit that introduced a bug\n   diff      Show changes between commits, commit and working tree, etc\n   grep      Print lines matching a pattern\n   log       Show commit logs\n   show      Show various types of objects\n   status    Show the working tree status\n\ngrow, mark and tweak your common history\n   branch    List, create, or delete branches\n   commit    Record changes to the repository\n   merge     Join two or more development histories together\n   rebase    Reapply commits on top of another base tip\n   reset     Reset current HEAD to the specified state\n   switch    Switch branches\n   tag       Create, list, delete or verify a tag object signed with GPG\n\ncollaborate (see also: git help workflows)\n   fetch     Download objects and refs from another repository\n   pull      Fetch from and integrate with another repository or a local branch\n   push      Update remote refs along with associated objects\n\n'git help -a' and 'git help -g' list available subcommands and some\nconcept guides. See 'git help <command>' or 'git help <concept>'\nto read about a specific subcommand or concept.\nSee 'git help git' for an overview of the system.\n""
[0m21:16:06.994554 [debug] [MainThread]: STDERR: "b''"
[0m21:16:06.995557 [info ] [MainThread]:  - git [[32mOK found[0m]

[0m21:16:06.995557 [info ] [MainThread]: [31m1 check failed:[0m
[0m21:16:06.995557 [info ] [MainThread]: Could not load dbt_project.yml

[0m21:16:06.996837 [debug] [MainThread]: Command `dbt debug` failed at 21:16:06.996837 after 1.00 seconds
[0m21:16:06.996837 [debug] [MainThread]: Sending event: {'category': 'dbt', 'action': 'invocation', 'label': 'end', 'context': [<snowplow_tracker.self_describing_json.SelfDescribingJson object at 0x0000019CE9553310>, <snowplow_tracker.self_describing_json.SelfDescribingJson object at 0x0000019CE2FB0050>, <snowplow_tracker.self_describing_json.SelfDescribingJson object at 0x0000019CE91D6D90>]}
[0m21:16:06.997840 [debug] [MainThread]: Flushing usage events
[0m21:17:31.285000 [debug] [MainThread]: Sending event: {'category': 'dbt', 'action': 'invocation', 'label': 'start', 'context': [<snowplow_tracker.self_describing_json.SelfDescribingJson object at 0x0000017321F60090>, <snowplow_tracker.self_describing_json.SelfDescribingJson object at 0x0000017321732050>, <snowplow_tracker.self_describing_json.SelfDescribingJson object at 0x0000017321F60190>]}


============================== 21:17:31.288505 | 2ad455f8-bc3d-4978-82e4-8dbb64979539 ==============================
[0m21:17:31.288505 [info ] [MainThread]: Running with dbt=1.5.1
[0m21:17:31.288505 [debug] [MainThread]: running dbt with arguments {'printer_width': '80', 'indirect_selection': 'eager', 'write_json': 'True', 'log_cache_events': 'False', 'partial_parse': 'True', 'cache_selected_only': 'False', 'profiles_dir': 'C:\\Users\\ozael\\.dbt', 'version_check': 'True', 'debug': 'False', 'log_path': 'logs', 'fail_fast': 'False', 'warn_error': 'None', 'use_colors': 'True', 'use_experimental_parser': 'False', 'no_print': 'None', 'quiet': 'False', 'warn_error_options': 'WarnErrorOptions(include=[], exclude=[])', 'introspect': 'True', 'static_parser': 'True', 'log_format': 'default', 'target_path': 'None', 'send_anonymous_usage_stats': 'True'}
[0m21:17:31.289506 [info ] [MainThread]: dbt version: 1.5.1
[0m21:17:31.289506 [info ] [MainThread]: python version: 3.11.3
[0m21:17:31.290505 [info ] [MainThread]: python path: C:\Users\ozael\AppData\Local\Programs\Python\Python311\python.exe
[0m21:17:31.290505 [info ] [MainThread]: os info: Windows-10-10.0.22621-SP0
[0m21:17:31.290505 [info ] [MainThread]: Using profiles.yml file at C:\Users\ozael\.dbt\profiles.yml
[0m21:17:31.291506 [info ] [MainThread]: Using dbt_project.yml file at C:\Projects\dbt_project.yml
[0m21:17:31.291506 [info ] [MainThread]: Configuration:
[0m21:17:31.564483 [info ] [MainThread]:   profiles.yml file [[32mOK found and valid[0m]
[0m21:17:31.565986 [info ] [MainThread]:   dbt_project.yml file [[31mERROR not found[0m]
[0m21:17:31.567006 [info ] [MainThread]: Required dependencies:
[0m21:17:31.567479 [debug] [MainThread]: Executing "git --help"
[0m21:17:31.596948 [debug] [MainThread]: STDOUT: "b"usage: git [-v | --version] [-h | --help] [-C <path>] [-c <name>=<value>]\n           [--exec-path[=<path>]] [--html-path] [--man-path] [--info-path]\n           [-p | --paginate | -P | --no-pager] [--no-replace-objects] [--bare]\n           [--git-dir=<path>] [--work-tree=<path>] [--namespace=<name>]\n           [--config-env=<name>=<envvar>] <command> [<args>]\n\nThese are common Git commands used in various situations:\n\nstart a working area (see also: git help tutorial)\n   clone     Clone a repository into a new directory\n   init      Create an empty Git repository or reinitialize an existing one\n\nwork on the current change (see also: git help everyday)\n   add       Add file contents to the index\n   mv        Move or rename a file, a directory, or a symlink\n   restore   Restore working tree files\n   rm        Remove files from the working tree and from the index\n\nexamine the history and state (see also: git help revisions)\n   bisect    Use binary search to find the commit that introduced a bug\n   diff      Show changes between commits, commit and working tree, etc\n   grep      Print lines matching a pattern\n   log       Show commit logs\n   show      Show various types of objects\n   status    Show the working tree status\n\ngrow, mark and tweak your common history\n   branch    List, create, or delete branches\n   commit    Record changes to the repository\n   merge     Join two or more development histories together\n   rebase    Reapply commits on top of another base tip\n   reset     Reset current HEAD to the specified state\n   switch    Switch branches\n   tag       Create, list, delete or verify a tag object signed with GPG\n\ncollaborate (see also: git help workflows)\n   fetch     Download objects and refs from another repository\n   pull      Fetch from and integrate with another repository or a local branch\n   push      Update remote refs along with associated objects\n\n'git help -a' and 'git help -g' list available subcommands and some\nconcept guides. See 'git help <command>' or 'git help <concept>'\nto read about a specific subcommand or concept.\nSee 'git help git' for an overview of the system.\n""
[0m21:17:31.597950 [debug] [MainThread]: STDERR: "b''"
[0m21:17:31.597950 [info ] [MainThread]:  - git [[32mOK found[0m]

[0m21:17:31.598952 [info ] [MainThread]: [31m1 check failed:[0m
[0m21:17:31.599955 [info ] [MainThread]: Could not load dbt_project.yml

[0m21:17:31.599955 [debug] [MainThread]: Command `dbt debug` failed at 21:17:31.599955 after 0.36 seconds
[0m21:17:31.601019 [debug] [MainThread]: Sending event: {'category': 'dbt', 'action': 'invocation', 'label': 'end', 'context': [<snowplow_tracker.self_describing_json.SelfDescribingJson object at 0x0000017341A3B190>, <snowplow_tracker.self_describing_json.SelfDescribingJson object at 0x0000017341A66B90>, <snowplow_tracker.self_describing_json.SelfDescribingJson object at 0x00000173219FA290>]}
[0m21:17:31.601019 [debug] [MainThread]: Flushing usage events
